#
# There is insufficient memory for the Java Runtime Environment to continue.
# Native memory allocation (mmap) failed to map 132120576 bytes for G1 virtual space
# Possible reasons:
#   The system is out of physical RAM or swap space
#   The process is running with CompressedOops enabled, and the Java Heap may be blocking the growth of the native heap
# Possible solutions:
#   Reduce memory load on the system
#   Increase physical memory or swap space
#   Check if swap backing store is full
#   Decrease Java heap size (-Xmx/-Xms)
#   Decrease number of Java threads
#   Decrease Java thread stack sizes (-Xss)
#   Set larger code cache with -XX:ReservedCodeCacheSize=
#   JVM is running with Unscaled Compressed Oops mode in which the Java heap is
#     placed in the first 4GB address space. The Java Heap base address is the
#     maximum limit for the native heap growth. Please use -XX:HeapBaseMinAddress
#     to set the Java Heap base and to place the Java Heap above 4GB virtual address.
# This output file may be truncated or incomplete.
#
#  Out of Memory Error (os_windows.cpp:3559), pid=27776, tid=25552
#
# JRE version:  (17.0.7+7) (build )
# Java VM: OpenJDK 64-Bit Server VM (17.0.7+7, mixed mode, sharing, tiered, compressed oops, compressed class ptrs, g1 gc, windows-amd64)
# No core dump will be written. Minidumps are not enabled by default on client versions of Windows
#

---------------  S U M M A R Y ------------

Command Line: -XX:+ShowCodeDetailsInExceptionMessages App

Host: Intel(R) Core(TM) i5-6500 CPU @ 3.20GHz, 4 cores, 7G,  Windows 10 , 64 bit Build 19041 (10.0.19041.2913)
Time: Wed May 31 13:12:25 2023 Pakistan Standard Time elapsed time: 0.014424 seconds (0d 0h 0m 0s)

---------------  T H R E A D  ---------------

Current thread (0x000001ecad227b10):  JavaThread "Unknown thread" [_thread_in_vm, id=25552, stack(0x0000007962500000,0x0000007962600000)]

Stack: [0x0000007962500000,0x0000007962600000]
Native frames: (J=compiled Java code, j=interpreted, Vv=VM code, C=native code)
V  [jvm.dll+0x67754a]
V  [jvm.dll+0x834304]
V  [jvm.dll+0x835aae]
V  [jvm.dll+0x836113]
V  [jvm.dll+0x24696f]
V  [jvm.dll+0x6743f9]
V  [jvm.dll+0x668c8a]
V  [jvm.dll+0x3061bb]
V  [jvm.dll+0x30d6a6]
V  [jvm.dll+0x35cece]
V  [jvm.dll+0x35d0ff]
V  [jvm.dll+0x2dd048]
V  [jvm.dll+0x2ddfb4]
V  [jvm.dll+0x8066d1]
V  [jvm.dll+0x36ac91]
V  [jvm.dll+0x7e5cec]
V  [jvm.dll+0x3ed56f]
V  [jvm.dll+0x3ef0a1]
C  [jli.dll+0x528b]
C  [ucrtbase.dll+0x21bb2]
C  [KERNEL32.DLL+0x17614]
C  [ntdll.dll+0x526a1]


---------------  P R O C E S S  ---------------

Threads class SMR info:
_java_thread_list=0x00007fff83267018, length=0, elements={
}

Java Threads: ( => current thread )

Other Threads:
  0x000001ecad285be0 GCTaskThread "GC Thread#0" [stack: 0x0000007962600000,0x0000007962700000] [id=29052]
  0x000001ecad296620 ConcurrentGCThread "G1 Main Marker" [stack: 0x0000007962700000,0x0000007962800000] [id=2320]
  0x000001ecad2976d0 ConcurrentGCThread "G1 Conc#0" [stack: 0x0000007962800000,0x0000007962900000] [id=29288]

[error occurred during error reporting (printing all threads), id 0xc0000005, EXCEPTION_ACCESS_VIOLATION (0xc0000005) at pc=0x00007fff82a3daf7]

VM state: not at safepoint (not fully initialized)

VM Mutex/Monitor currently owned by a thread:  ([mutex/lock_event])
[0x000001ecad225190] Heap_lock - owner thread: 0x000001ecad227b10

Heap address: 0x0000000082000000, size: 2016 MB, Compressed Oops mode: 32-bit

CDS archive(s) mapped at: [0x0000000000000000-0x0000000000000000-0x0000000000000000), size 0, SharedBaseAddress: 0x0000000800000000, ArchiveRelocationMode: 0.
Narrow klass base: 0x0000000000000000, Narrow klass shift: 0, Narrow klass range: 0x0

GC Precious Log:
<Empty>

Heap:
 garbage-first heap   total 0K, used 0K [0x0000000082000000, 0x0000000100000000)
  region size 1024K, 0 young (0K), 0 survivors (0K)

[error occurred during error reporting (printing heap information), id 0xc0000005, EXCEPTION_ACCESS_VIOLATION (0xc0000005) at pc=0x00007fff82e20db9]

GC Heap History (0 events):
No events

Dll operation events (1 events):
Event: 0.007 Loaded shared library C:\Users\Muddassir Farooq\AppData\Local\Programs\Eclipse Adoptium\jdk-17.0.7.7-hotspot\bin\java.dll

Deoptimization events (0 events):
No events

Classes unloaded (0 events):
No events

Classes redefined (0 events):
No events

Internal exceptions (0 events):
No events

VM Operations (0 events):
No events

Events (0 events):
No events


Dynamic libraries:
0x00007ff6fab60000 - 0x00007ff6fab6e000 	C:\Users\Muddassir Farooq\AppData\Local\Programs\Eclipse Adoptium\jdk-17.0.7.7-hotspot\bin\java.exe
0x00007fffc57b0000 - 0x00007fffc59a8000 	C:\Windows\SYSTEM32\ntdll.dll
0x00007fffc4530000 - 0x00007fffc45ef000 	C:\Windows\System32\KERNEL32.DLL
0x00007fffc33b0000 - 0x00007fffc36a6000 	C:\Windows\System32\KERNELBASE.dll
0x00007fffc3210000 - 0x00007fffc3310000 	C:\Windows\System32\ucrtbase.dll
0x00007fff9f750000 - 0x00007fff9f767000 	C:\Users\Muddassir Farooq\AppData\Local\Programs\Eclipse Adoptium\jdk-17.0.7.7-hotspot\bin\jli.dll
0x00007fffc5560000 - 0x00007fffc56fd000 	C:\Windows\System32\USER32.dll
0x00007fffc3120000 - 0x00007fffc3142000 	C:\Windows\System32\win32u.dll
0x00007fffc4da0000 - 0x00007fffc4dcc000 	C:\Windows\System32\GDI32.dll
0x00007fffc2e90000 - 0x00007fffc2fa5000 	C:\Windows\System32\gdi32full.dll
0x00007fffc3310000 - 0x00007fffc33ad000 	C:\Windows\System32\msvcp_win.dll
0x00007fff9edb0000 - 0x00007fff9edc9000 	C:\Users\Muddassir Farooq\AppData\Local\Programs\Eclipse Adoptium\jdk-17.0.7.7-hotspot\bin\VCRUNTIME140.dll
0x00007fffb1d50000 - 0x00007fffb1fea000 	C:\Windows\WinSxS\amd64_microsoft.windows.common-controls_6595b64144ccf1df_6.0.19041.1110_none_60b5254171f9507e\COMCTL32.dll
0x00007fffc3fa0000 - 0x00007fffc403e000 	C:\Windows\System32\msvcrt.dll
0x00007fffc4ef0000 - 0x00007fffc4f20000 	C:\Windows\System32\IMM32.DLL
0x00007fffbe900000 - 0x00007fffbe90c000 	C:\Users\Muddassir Farooq\AppData\Local\Programs\Eclipse Adoptium\jdk-17.0.7.7-hotspot\bin\vcruntime140_1.dll
0x00007fff8f230000 - 0x00007fff8f2c1000 	C:\Users\Muddassir Farooq\AppData\Local\Programs\Eclipse Adoptium\jdk-17.0.7.7-hotspot\bin\msvcp140.dll
0x00007fff82750000 - 0x00007fff83398000 	C:\Users\Muddassir Farooq\AppData\Local\Programs\Eclipse Adoptium\jdk-17.0.7.7-hotspot\bin\server\jvm.dll
0x00007fffc4190000 - 0x00007fffc423f000 	C:\Windows\System32\ADVAPI32.dll
0x00007fffc4040000 - 0x00007fffc40dc000 	C:\Windows\System32\sechost.dll
0x00007fffc5430000 - 0x00007fffc5556000 	C:\Windows\System32\RPCRT4.dll
0x00007fff91250000 - 0x00007fff91259000 	C:\Windows\SYSTEM32\WSOCK32.dll
0x00007fffbad50000 - 0x00007fffbad77000 	C:\Windows\SYSTEM32\WINMM.dll
0x00007fffc5700000 - 0x00007fffc576b000 	C:\Windows\System32\WS2_32.dll
0x00007fffbb2e0000 - 0x00007fffbb2ea000 	C:\Windows\SYSTEM32\VERSION.dll
0x00007fffc0d30000 - 0x00007fffc0d42000 	C:\Windows\SYSTEM32\kernel.appcore.dll
0x00007fffaae80000 - 0x00007fffaae8a000 	C:\Users\Muddassir Farooq\AppData\Local\Programs\Eclipse Adoptium\jdk-17.0.7.7-hotspot\bin\jimage.dll
0x00007fffb8430000 - 0x00007fffb8614000 	C:\Windows\SYSTEM32\DBGHELP.DLL
0x00007fffaaec0000 - 0x00007fffaaef4000 	C:\Windows\SYSTEM32\dbgcore.DLL
0x00007fffc3180000 - 0x00007fffc3202000 	C:\Windows\System32\bcryptPrimitives.dll
0x00007fff9ae50000 - 0x00007fff9ae75000 	C:\Users\Muddassir Farooq\AppData\Local\Programs\Eclipse Adoptium\jdk-17.0.7.7-hotspot\bin\java.dll

dbghelp: loaded successfully - version: 4.0.5 - missing functions: none
symbol engine: initialized successfully - sym options: 0x614 - pdb path: .;C:\Users\Muddassir Farooq\AppData\Local\Programs\Eclipse Adoptium\jdk-17.0.7.7-hotspot\bin;C:\Windows\SYSTEM32;C:\Windows\WinSxS\amd64_microsoft.windows.common-controls_6595b64144ccf1df_6.0.19041.1110_none_60b5254171f9507e;C:\Users\Muddassir Farooq\AppData\Local\Programs\Eclipse Adoptium\jdk-17.0.7.7-hotspot\bin\server

VM Arguments:
jvm_args: -XX:+ShowCodeDetailsInExceptionMessages 
java_command: App
java_class_path (initial): E:\Java VS Code\Java Program\bin
Launcher Type: SUN_STANDARD

[Global flags]
     intx CICompilerCount                          = 3                                         {product} {ergonomic}
     uint ConcGCThreads                            = 1                                         {product} {ergonomic}
     uint G1ConcRefinementThreads                  = 4                                         {product} {ergonomic}
   size_t G1HeapRegionSize                         = 1048576                                   {product} {ergonomic}
    uintx GCDrainStackTargetSize                   = 64                                        {product} {ergonomic}
   size_t InitialHeapSize                          = 132120576                                 {product} {ergonomic}
   size_t MarkStackSize                            = 4194304                                   {product} {ergonomic}
   size_t MaxHeapSize                              = 2113929216                                {product} {ergonomic}
   size_t MinHeapDeltaBytes                        = 1048576                                   {product} {ergonomic}
   size_t MinHeapSize                              = 8388608                                   {product} {ergonomic}
    uintx NonNMethodCodeHeapSize                   = 5832780                                {pd product} {ergonomic}
    uintx NonProfiledCodeHeapSize                  = 122912730                              {pd product} {ergonomic}
    uintx ProfiledCodeHeapSize                     = 122912730                              {pd product} {ergonomic}
    uintx ReservedCodeCacheSize                    = 251658240                              {pd product} {ergonomic}
     bool SegmentedCodeCache                       = true                                      {product} {ergonomic}
     bool ShowCodeDetailsInExceptionMessages       = true                                   {manageable} {command line}
   size_t SoftMaxHeapSize                          = 2113929216                             {manageable} {ergonomic}
     bool UseCompressedClassPointers               = true                           {product lp64_product} {ergonomic}
     bool UseCompressedOops                        = true                           {product lp64_product} {ergonomic}
     bool UseG1GC                                  = true                                      {product} {ergonomic}
     bool UseLargePagesIndividualAllocation        = false                                  {pd product} {ergonomic}

Logging:
Log output configuration:
 #0: stdout all=warning uptime,level,tags
 #1: stderr all=off uptime,level,tags

Environment Variables:
JAVA_HOME=C:\Users\Muddassir Farooq\AppData\Local\Programs\Eclipse Adoptium\jdk-17.0.7.7-hotspot\
PATH=C:\Program Files (x86)\VMware\VMware Player\bin\;c:\windows\system32;c:\windows;c:\windows\system32\wbem;c:\windows\system32\windowspowershell\v1.0\;c:\windows\system32\openssh\;c:\program files\nvidia corporation\nvidia nvdlisr;C:\Program Files (x86)\NVIDIA Corporation\PhysX\Common;C:\Users\Muddassir Farooq\AppData\Local\Programs\Eclipse Adoptium\jdk-17.0.7.7-hotspot\bin;C:\Users\Muddassir Farooq\AppData\Local\Microsoft\WindowsApps;C:\Users\Muddassir Farooq\Downloads\flutter_windows_3.3.9-stable\flutter\bin;C:\Users\Muddassir Farooq\AppData\Local\Programs\Microsoft VS Code\bin
USERNAME=Muddassir Farooq
LANG=en_US.UTF-8
OS=Windows_NT
PROCESSOR_IDENTIFIER=Intel64 Family 6 Model 94 Stepping 3, GenuineIntel
TMP=C:\Users\MUDDAS~1\AppData\Local\Temp
TEMP=C:\Users\MUDDAS~1\AppData\Local\Temp



---------------  S Y S T E M  ---------------

OS:
 Windows 10 , 64 bit Build 19041 (10.0.19041.2913)
OS uptime: 0 days 2:33 hours
Hyper-V role detected

CPU: total 4 (initial active 4) (4 cores per cpu, 1 threads per core) family 6 model 94 stepping 3 microcode 0xcc, cx8, cmov, fxsr, mmx, 3dnowpref, sse, sse2, sse3, ssse3, sse4.1, sse4.2, popcnt, lzcnt, tsc, tscinvbit, avx, avx2, aes, erms, clmul, bmi1, bmi2, rtm, adx, fma, vzeroupper, clflush, clflushopt, hv

Memory: 4k page, system-wide physical 8057M (1627M free)
TotalPageFile size 11025M (AvailPageFile size 92M)
current process WorkingSet (physical memory assigned to process): 10M, peak: 10M
current process commit charge ("private bytes"): 51M, peak: 177M

vm_info: OpenJDK 64-Bit Server VM (17.0.7+7) for windows-amd64 JRE (17.0.7+7), built on Apr 18 2023 22:10:42 by "temurin" with MS VC++ 16.7 (VS2019)

END.
